<?xml version="1.0" encoding="UTF-8"?>
<testsuites name="TestSuite1" time="21.986" tests="1" failures="0" errors="0">
   <testsuite name="TestSuite1" tests="1" failures="0" errors="0" time="21.986" skipped="0" timestamp="23-03-2024T18:03:29" hostname="brahim - localhost" id="Test Suites/TestSuite1">
      <properties>
         <property name="deviceName" value=""/>
         <property name="devicePlatform" value=""/>
         <property name="logFolder" value="/Users/brahim/git/KatalonGit/Reports/20240323_180302/TestSuite1/20240323_180318"/>
         <property name="logFiles" value="/Users/brahim/git/KatalonGit/Reports/20240323_180302/TestSuite1/20240323_180318/execution0.log"/>
         <property name="attachments" value=""/>
         <property name="hostName" value="brahim - localhost"/>
         <property name="os" value="Mac OS X 64bit"/>
         <property name="katalonVersion" value="9.3.2.212"/>
         <property name="browser" value="Chrome 123.0.0.0"/>
         <property name="hostAddress" value="127.0.0.1"/>
         <property name="sessionId" value="61f9c27c47ac2227363c6cfbb9e0ac60"/>
         <property name="seleniumVersion" value="3.141.59"/>
         <property name="proxyInformation" value="ProxyInformation { proxyOption=NO_PROXY, proxyServerType=HTTP, username=, password=********, proxyServerAddress=, proxyServerPort=0, executionList=&quot;&quot;, isApplyToDesiredCapabilities=true }"/>
         <property name="platform" value="Mac OS X"/>
      </properties>
      <testcase name="Test Cases/Test1" time="21.266" classname="Test Cases/Test1" status="PASSED">
         <system-out><![CDATA[23-03-2024T18:03:30 - [TEST_CASE][PASSED] - Test Cases/Test1: Test Cases/Test1

23-03-2024T18:03:30 - [TEST_STEP][PASSED] - openBrowser(""): Browser is opened with url: ''

23-03-2024T18:03:31 - [MESSAGE][INFO] - Starting 'Chrome' driver

23-03-2024T18:03:31 - [MESSAGE][INFO] - Action delay is set to 0 milliseconds

23-03-2024T18:03:44 - [MESSAGE][PASSED] - Browser is opened with url: ''

23-03-2024T18:03:44 - [TEST_STEP][PASSED] - navigateToUrl("lifecharger.org"): Navigate to 'http://lifecharger.org' successfully

23-03-2024T18:03:51 - [MESSAGE][PASSED] - Navigate to 'http://lifecharger.org' successfully

23-03-2024T18:03:51 - [TEST_STEP][PASSED] - closeBrowser(): Browser is closed

23-03-2024T18:03:51 - [MESSAGE][PASSED] - Browser is closed]]></system-out>
         <system-err><![CDATA[]]></system-err>
      </testcase>
      <system-out><![CDATA[23-03-2024T18:03:29 - [TEST_SUITE][PASSED] - TestSuite1: Test Cases/Test1]]></system-out>
      <system-err><![CDATA[]]></system-err>
   </testsuite>
</testsuites>
